<?xml version="1.0" encoding="UTF-8"?>
<Site BuildName="Win32-MSBuild"
	BuildStamp="20240719-1918-Experimental"
	Name="HTSlt"
	Generator="ctest-3.30.0"
	CompilerName="C:/Program Files/Microsoft Visual Studio/2022/Community/VC/Tools/MSVC/14.33.31629/bin/Hostx64/x64/cl.exe"
	CompilerVersion="19.33.31630.0"
	OSName="Windows"
	Hostname="HTSlt"
	OSRelease=" Personal"
	OSVersion=" (Build 22631)"
	OSPlatform="AMD64"
	Is64Bits="1"
	VendorString="GenuineIntel"
	VendorID="Intel Corporation"
	FamilyID="6"
	ModelID="5"
	ProcessorCacheSize="-1"
	NumberOfLogicalCPU="12"
	NumberOfPhysicalCPU="6"
	TotalVirtualMemory="25437"
	TotalPhysicalMemory="16221"
	LogicalProcessorsPerPhysical="2"
	ProcessorClockFrequency="2592"
	>
	<Testing>
		<StartDateTime>Jul 19 15:18 Eastern Daylight Time</StartDateTime>
		<StartTestTime>1721416728</StartTestTime>
		<TestList/>
		<EndDateTime>Jul 19 15:18 Eastern Daylight Time</EndDateTime>
		<EndTestTime>1721416728</EndTestTime>
		<ElapsedMinutes>0</ElapsedMinutes>
	</Testing>
</Site>
